[Mon Oct 26 20:19:35 2015] [debug] Your secret passphrase needs to be changed
[Mon Oct 26 20:19:35 2015] [debug] GET "/"
[Mon Oct 26 20:19:35 2015] [debug] Routing to controller "SwaggerApp::Controller::Example" and action "welcome"
[Mon Oct 26 20:19:35 2015] [debug] Rendering template "example/welcome.html.ep"
[Mon Oct 26 20:19:35 2015] [debug] Rendering template "layouts/default.html.ep"
[Mon Oct 26 20:19:35 2015] [debug] 200 OK (0.003970s, 251.889/s)
[Mon Oct 26 20:37:15 2015] [debug] Your secret passphrase needs to be changed
[Mon Oct 26 20:37:15 2015] [debug] GET "/home"
[Mon Oct 26 20:37:15 2015] [debug] Routing to a callback
[Mon Oct 26 20:37:15 2015] [debug] 200 OK (0.001241s, 805.802/s)
[Mon Oct 26 20:37:24 2015] [debug] GET "/home"
[Mon Oct 26 20:37:24 2015] [debug] Routing to a callback
[Mon Oct 26 20:37:24 2015] [debug] 200 OK (0.000381s, 2624.672/s)
[Tue Oct 27 14:15:28 2015] [debug] Your secret passphrase needs to be changed
[Tue Oct 27 14:15:28 2015] [debug] GET "/students"
[Tue Oct 27 14:15:28 2015] [debug] Routing to a callback
[Tue Oct 27 14:15:28 2015] [error] Could not find controller class for "Students": Can't locate SwaggerApp/Student.pm in @INC (you may need to install the SwaggerApp::Student module) (@INC contains: lib /Library/Perl/5.18/darwin-thread-multi-2level /Library/Perl/5.18 /Network/Library/Perl/5.18/darwin-thread-multi-2level /Network/Library/Perl/5.18 /Library/Perl/Updates/5.18.2/darwin-thread-multi-2level /Library/Perl/Updates/5.18.2 /System/Library/Perl/5.18/darwin-thread-multi-2level /System/Library/Perl/5.18 /System/Library/Perl/Extras/5.18/darwin-thread-multi-2level /System/Library/Perl/Extras/5.18 .) at (eval 61) line 1.

[Tue Oct 27 14:15:28 2015] [debug] 501 Not Implemented (0.005353s, 186.811/s)
[Tue Oct 27 14:16:21 2015] [debug] Your secret passphrase needs to be changed
[Tue Oct 27 14:16:21 2015] [debug] GET "/students"
[Tue Oct 27 14:16:21 2015] [debug] Routing to a callback
[Tue Oct 27 14:16:21 2015] [error] Can't locate object method "list" via package "SwaggerApp::Controller::Student". (Something is wrong in )"
[Tue Oct 27 14:16:21 2015] [debug] 501 Not Implemented (0.001653s, 604.961/s)
[Tue Oct 27 14:19:09 2015] [debug] Your secret passphrase needs to be changed
[Tue Oct 27 14:19:09 2015] [debug] GET "/students"
[Tue Oct 27 14:19:09 2015] [debug] Routing to a callback
[Tue Oct 27 14:19:09 2015] [error] Can't locate object method "list" via package "SwaggerApp::Controller::Student". (Something is wrong in )"
[Tue Oct 27 14:19:09 2015] [debug] 501 Not Implemented (0.001313s, 761.615/s)
[Tue Oct 27 14:19:31 2015] [debug] Your secret passphrase needs to be changed
[Tue Oct 27 14:19:31 2015] [debug] GET "/students"
[Tue Oct 27 14:19:31 2015] [debug] Routing to a callback
[Tue Oct 27 14:19:31 2015] [debug] Nothing has been rendered, expecting delayed response
[Tue Oct 27 14:19:31 2015] [debug] Swagger2 calling SwaggerApp::Controller::Student->list($input, $cb)
[Tue Oct 27 14:21:50 2015] [debug] Your secret passphrase needs to be changed
[Tue Oct 27 14:21:50 2015] [debug] GET "/students"
[Tue Oct 27 14:21:50 2015] [debug] Routing to a callback
[Tue Oct 27 14:21:50 2015] [error] Can't locate object method "list" via package "SwaggerApp::Controller::Student". (Something is wrong in )"
[Tue Oct 27 14:21:50 2015] [debug] 501 Not Implemented (0.002030s, 492.611/s)
[Tue Oct 27 14:22:55 2015] [debug] Your secret passphrase needs to be changed
[Tue Oct 27 14:22:55 2015] [debug] GET "/students"
[Tue Oct 27 14:22:55 2015] [debug] Routing to a callback
[Tue Oct 27 14:22:55 2015] [debug] Nothing has been rendered, expecting delayed response
[Tue Oct 27 14:22:55 2015] [debug] Swagger2 calling SwaggerApp::Controller::Student->list($input, $cb)
[Tue Oct 27 14:22:55 2015] [debug] 200 OK (0.002169s, 461.042/s)
[Tue Oct 27 14:25:34 2015] [debug] GET "/students/3"
[Tue Oct 27 14:25:34 2015] [debug] Routing to a callback
[Tue Oct 27 14:25:34 2015] [error] Can't locate object method "single" via package "SwaggerApp::Controller::Student". (Something is wrong in )"
[Tue Oct 27 14:25:34 2015] [debug] 501 Not Implemented (0.000843s, 1186.240/s)
[Tue Oct 27 14:26:22 2015] [debug] Your secret passphrase needs to be changed
[Tue Oct 27 14:26:22 2015] [debug] GET "/students/3"
[Tue Oct 27 14:26:22 2015] [debug] Routing to a callback
[Tue Oct 27 14:26:22 2015] [debug] Nothing has been rendered, expecting delayed response
[Tue Oct 27 14:26:22 2015] [debug] Swagger2 calling SwaggerApp::Controller::Student->single($input, $cb)
[Tue Oct 27 14:26:22 2015] [debug] 200 OK (0.002417s, 413.736/s)
[Tue Oct 27 14:26:31 2015] [debug] GET "/students/3"
[Tue Oct 27 14:26:31 2015] [debug] Routing to a callback
[Tue Oct 27 14:26:31 2015] [debug] Nothing has been rendered, expecting delayed response
[Tue Oct 27 14:26:31 2015] [debug] Swagger2 calling SwaggerApp::Controller::Student->single($input, $cb)
[Tue Oct 27 14:26:31 2015] [debug] 200 OK (0.001257s, 795.545/s)
[Tue Oct 27 14:26:40 2015] [debug] Your secret passphrase needs to be changed
[Tue Oct 27 14:26:40 2015] [debug] GET "/students/3"
[Tue Oct 27 14:26:40 2015] [debug] Routing to a callback
[Tue Oct 27 14:26:40 2015] [debug] Nothing has been rendered, expecting delayed response
[Tue Oct 27 14:26:40 2015] [debug] Swagger2 calling SwaggerApp::Controller::Student->single($input, $cb)
[Tue Oct 27 14:26:40 2015] [debug] 200 OK (0.002243s, 445.831/s)
[Tue Oct 27 14:28:06 2015] [debug] Your secret passphrase needs to be changed
[Tue Oct 27 14:28:06 2015] [debug] GET "/students/3"
[Tue Oct 27 14:28:06 2015] [debug] Routing to a callback
[Tue Oct 27 14:28:06 2015] [debug] Nothing has been rendered, expecting delayed response
[Tue Oct 27 14:28:06 2015] [debug] Swagger2 calling SwaggerApp::Controller::Student->single($input, $cb)
[Tue Oct 27 14:28:06 2015] [debug] 200 OK (0.002521s, 396.668/s)
[Tue Oct 27 14:28:11 2015] [debug] GET "/students/3"
[Tue Oct 27 14:28:11 2015] [debug] Routing to a callback
[Tue Oct 27 14:28:11 2015] [debug] Nothing has been rendered, expecting delayed response
[Tue Oct 27 14:28:11 2015] [debug] Swagger2 calling SwaggerApp::Controller::Student->single($input, $cb)
[Tue Oct 27 14:28:11 2015] [debug] 200 OK (0.001000s, 1000.000/s)
[Tue Oct 27 14:28:12 2015] [debug] GET "/students/3"
[Tue Oct 27 14:28:12 2015] [debug] Routing to a callback
[Tue Oct 27 14:28:12 2015] [debug] Nothing has been rendered, expecting delayed response
[Tue Oct 27 14:28:12 2015] [debug] Swagger2 calling SwaggerApp::Controller::Student->single($input, $cb)
[Tue Oct 27 14:28:12 2015] [debug] 200 OK (0.001030s, 970.874/s)
[Tue Oct 27 14:28:13 2015] [debug] GET "/students/3"
[Tue Oct 27 14:28:13 2015] [debug] Routing to a callback
[Tue Oct 27 14:28:13 2015] [debug] Nothing has been rendered, expecting delayed response
[Tue Oct 27 14:28:13 2015] [debug] Swagger2 calling SwaggerApp::Controller::Student->single($input, $cb)
[Tue Oct 27 14:28:13 2015] [debug] 200 OK (0.001180s, 847.458/s)
[Tue Oct 27 14:29:12 2015] [debug] Your secret passphrase needs to be changed
[Tue Oct 27 14:29:12 2015] [debug] GET "/students/3"
[Tue Oct 27 14:29:12 2015] [debug] Routing to a callback
[Tue Oct 27 14:29:12 2015] [debug] Nothing has been rendered, expecting delayed response
[Tue Oct 27 14:29:12 2015] [debug] Swagger2 calling SwaggerApp::Controller::Student->single($input, $cb)
[Tue Oct 27 14:29:12 2015] [debug] 500 Internal Server Error (0.002339s, 427.533/s)
[Tue Oct 27 14:29:23 2015] [debug] GET "/students/3"
[Tue Oct 27 14:29:23 2015] [debug] Routing to a callback
[Tue Oct 27 14:29:23 2015] [debug] Nothing has been rendered, expecting delayed response
[Tue Oct 27 14:29:23 2015] [debug] Swagger2 calling SwaggerApp::Controller::Student->single($input, $cb)
[Tue Oct 27 14:29:23 2015] [debug] 500 Internal Server Error (0.001177s, 849.618/s)
[Tue Oct 27 14:29:35 2015] [debug] Your secret passphrase needs to be changed
[Tue Oct 27 14:29:35 2015] [debug] GET "/students/3"
[Tue Oct 27 14:29:35 2015] [debug] Routing to a callback
[Tue Oct 27 14:29:35 2015] [debug] Nothing has been rendered, expecting delayed response
[Tue Oct 27 14:29:35 2015] [debug] Swagger2 calling SwaggerApp::Controller::Student->single($input, $cb)
[Tue Oct 27 14:29:35 2015] [debug] 200 OK (0.002281s, 438.404/s)
[Tue Oct 27 14:30:35 2015] [debug] Your secret passphrase needs to be changed
[Tue Oct 27 14:30:35 2015] [debug] GET "/students/3"
[Tue Oct 27 14:30:35 2015] [debug] Routing to a callback
[Tue Oct 27 14:30:35 2015] [debug] Nothing has been rendered, expecting delayed response
[Tue Oct 27 14:30:35 2015] [debug] Swagger2 calling SwaggerApp::Controller::Student->single($input, $cb)
[Tue Oct 27 14:30:35 2015] [debug] 200 OK (0.002267s, 441.112/s)
[Tue Oct 27 14:31:12 2015] [debug] Your secret passphrase needs to be changed
[Tue Oct 27 14:31:12 2015] [debug] GET "/students/3"
[Tue Oct 27 14:31:12 2015] [debug] Routing to a callback
[Tue Oct 27 14:31:12 2015] [debug] Nothing has been rendered, expecting delayed response
[Tue Oct 27 14:31:12 2015] [debug] Swagger2 calling SwaggerApp::Controller::Student->single($input, $cb)
[Tue Oct 27 14:31:12 2015] [debug] 500 Internal Server Error (0.002392s, 418.060/s)
[Tue Oct 27 14:31:42 2015] [debug] Your secret passphrase needs to be changed
[Tue Oct 27 14:31:42 2015] [debug] GET "/students"
[Tue Oct 27 14:31:42 2015] [debug] Routing to a callback
[Tue Oct 27 14:31:42 2015] [debug] Nothing has been rendered, expecting delayed response
[Tue Oct 27 14:31:42 2015] [debug] Swagger2 calling SwaggerApp::Controller::Student->list($input, $cb)
[Tue Oct 27 14:31:42 2015] [debug] 500 Internal Server Error (0.002352s, 425.170/s)
[Tue Oct 27 14:35:59 2015] [debug] Your secret passphrase needs to be changed
[Tue Oct 27 14:35:59 2015] [debug] GET "/students"
[Tue Oct 27 14:35:59 2015] [debug] Routing to a callback
[Tue Oct 27 14:35:59 2015] [error] Could not find controller class for "SwaggerApp::Controller::Students": Can't locate SwaggerApp/Controller/SwaggerApp/Controller/Student.pm in @INC (you may need to install the SwaggerApp::Controller::SwaggerApp::Controller::Student module) (@INC contains: lib /Library/Perl/5.18/darwin-thread-multi-2level /Library/Perl/5.18 /Network/Library/Perl/5.18/darwin-thread-multi-2level /Network/Library/Perl/5.18 /Library/Perl/Updates/5.18.2/darwin-thread-multi-2level /Library/Perl/Updates/5.18.2 /System/Library/Perl/5.18/darwin-thread-multi-2level /System/Library/Perl/5.18 /System/Library/Perl/Extras/5.18/darwin-thread-multi-2level /System/Library/Perl/Extras/5.18 .) at (eval 54) line 1.

[Tue Oct 27 14:35:59 2015] [debug] 501 Not Implemented (0.002956s, 338.295/s)
[Tue Oct 27 14:36:45 2015] [debug] Your secret passphrase needs to be changed
[Tue Oct 27 14:36:45 2015] [debug] GET "/students"
[Tue Oct 27 14:36:45 2015] [debug] Routing to a callback
[Tue Oct 27 14:36:45 2015] [debug] Nothing has been rendered, expecting delayed response
[Tue Oct 27 14:36:45 2015] [debug] Swagger2 calling SwaggerApp::Controller::Student->list($input, $cb)
[Tue Oct 27 14:36:45 2015] [debug] 200 OK (0.002348s, 425.894/s)
[Tue Oct 27 14:38:45 2015] [debug] Your secret passphrase needs to be changed
[Tue Oct 27 14:38:45 2015] [debug] GET "/students"
[Tue Oct 27 14:38:45 2015] [debug] Routing to a callback
[Tue Oct 27 14:39:00 2015] [debug] Inactivity timeout
[Tue Oct 27 14:39:14 2015] [debug] Your secret passphrase needs to be changed
[Tue Oct 27 14:39:14 2015] [debug] GET "/students"
[Tue Oct 27 14:39:14 2015] [debug] Routing to a callback
[Tue Oct 27 14:39:14 2015] [debug] Nothing has been rendered, expecting delayed response
[Tue Oct 27 14:39:14 2015] [debug] Swagger2 calling SwaggerApp::Controller::Student->list($input, $cb)
[Tue Oct 27 14:39:14 2015] [debug] 200 OK (0.002215s, 451.467/s)
[Tue Oct 27 14:40:19 2015] [debug] Your secret passphrase needs to be changed
[Tue Oct 27 14:40:19 2015] [debug] GET "/students"
[Tue Oct 27 14:40:19 2015] [debug] Routing to a callback
[Tue Oct 27 14:40:19 2015] [debug] Nothing has been rendered, expecting delayed response
[Tue Oct 27 14:40:19 2015] [debug] Swagger2 calling SwaggerApp::Controller::Student->list($input, $cb)
[Tue Oct 27 14:40:19 2015] [debug] 200 OK (0.002250s, 444.444/s)
[Tue Oct 27 14:40:21 2015] [debug] GET "/students"
[Tue Oct 27 14:40:21 2015] [debug] Routing to a callback
[Tue Oct 27 14:40:21 2015] [debug] Nothing has been rendered, expecting delayed response
[Tue Oct 27 14:40:21 2015] [debug] Swagger2 calling SwaggerApp::Controller::Student->list($input, $cb)
[Tue Oct 27 14:40:21 2015] [debug] 200 OK (0.001108s, 902.527/s)
[Tue Oct 27 14:41:17 2015] [debug] GET "/students/foo"
[Tue Oct 27 14:41:17 2015] [debug] Routing to a callback
[Tue Oct 27 14:41:17 2015] [error] Could not find controller class for "SwaggerApp::Controller::Students": Can't locate SwaggerApp/SwaggerApp/Controller/Student.pm in @INC (you may need to install the SwaggerApp::SwaggerApp::Controller::Student module) (@INC contains: lib /Library/Perl/5.18/darwin-thread-multi-2level /Library/Perl/5.18 /Network/Library/Perl/5.18/darwin-thread-multi-2level /Network/Library/Perl/5.18 /Library/Perl/Updates/5.18.2/darwin-thread-multi-2level /Library/Perl/Updates/5.18.2 /System/Library/Perl/5.18/darwin-thread-multi-2level /System/Library/Perl/5.18 /System/Library/Perl/Extras/5.18/darwin-thread-multi-2level /System/Library/Perl/Extras/5.18 .) at (eval 54) line 1.

[Tue Oct 27 14:41:17 2015] [debug] 501 Not Implemented (0.001811s, 552.181/s)
[Tue Oct 27 14:41:39 2015] [debug] Your secret passphrase needs to be changed
[Tue Oct 27 14:41:39 2015] [debug] GET "/students/foo"
[Tue Oct 27 14:41:39 2015] [debug] Routing to a callback
[Tue Oct 27 14:41:39 2015] [debug] 400 Bad Request (0.001619s, 617.665/s)
[Tue Oct 27 14:41:46 2015] [debug] GET "/students/4"
[Tue Oct 27 14:41:46 2015] [debug] Routing to a callback
[Tue Oct 27 14:41:46 2015] [debug] Nothing has been rendered, expecting delayed response
[Tue Oct 27 14:41:46 2015] [debug] Swagger2 calling SwaggerApp::Controller::Student->single($input, $cb)
[Tue Oct 27 14:41:46 2015] [debug] 200 OK (0.001419s, 704.722/s)
[Tue Oct 27 14:42:18 2015] [debug] Your secret passphrase needs to be changed
[Tue Oct 27 14:42:18 2015] [debug] GET "/students/4"
[Tue Oct 27 14:42:18 2015] [debug] Routing to a callback
[Tue Oct 27 14:42:18 2015] [debug] Nothing has been rendered, expecting delayed response
[Tue Oct 27 14:42:18 2015] [debug] Swagger2 calling SwaggerApp::Controller::Student->single($input, $cb)
[Tue Oct 27 14:42:18 2015] [debug] 500 Internal Server Error (0.003309s, 302.206/s)
[Tue Oct 27 14:43:07 2015] [debug] Your secret passphrase needs to be changed
[Tue Oct 27 14:43:07 2015] [debug] GET "/students/4"
[Tue Oct 27 14:43:07 2015] [debug] Routing to a callback
[Tue Oct 27 14:43:07 2015] [debug] Nothing has been rendered, expecting delayed response
[Tue Oct 27 14:43:07 2015] [debug] Swagger2 calling SwaggerApp::Controller::Student->single($input, $cb)
[Tue Oct 27 14:43:07 2015] [debug] 500 Internal Server Error (0.002588s, 386.399/s)
[Tue Oct 27 14:43:11 2015] [debug] GET "/students"
[Tue Oct 27 14:43:11 2015] [debug] Routing to a callback
[Tue Oct 27 14:43:11 2015] [debug] Nothing has been rendered, expecting delayed response
[Tue Oct 27 14:43:11 2015] [debug] Swagger2 calling SwaggerApp::Controller::Student->list($input, $cb)
[Tue Oct 27 14:43:11 2015] [debug] 500 Internal Server Error (0.001226s, 815.661/s)
